<?xml version="1.0" encoding="UTF-8"?>
<!-- Generated by org.testng.reporters.JUnitXMLReporter -->
<testsuite ignored="2" hostname="DESKTOP-QJCSHIP" failures="0" tests="1" name="Test" time="0.063" errors="0" timestamp="2024-03-01T10:48:01 IST">
  <testcase classname="TestNg_Practice.TestNg_Groups1" name="WebLoginPersonalLoan" time="0.01"/>
  <testcase classname="TestNg_Practice.TestNg_Groups1" name="APILoginPersonalLoan" time="0.0">
    <ignored/>
  </testcase> <!-- APILoginPersonalLoan -->
  <testcase classname="TestNg_Practice.TestNg_Groups1" name="MobileLoginPersonalLoan" time="0.0">
    <ignored/>
  </testcase> <!-- MobileLoginPersonalLoan -->
</testsuite> <!-- Test -->
