<?xml version="1.0" encoding="UTF-8"?>
<!-- Generated by org.testng.reporters.JUnitXMLReporter -->
<testsuite ignored="0" hostname="DESKTOP-QJCSHIP" failures="0" tests="1" name="TestOnEdge" time="15.54" errors="0" timestamp="2024-02-29T13:04:57 IST">
  <testcase classname="TestNg_Practice.ParallelTesting" name="@AfterTest Closee" time="0.079">
    <failure type="java.lang.NullPointerException" message="Cannot invoke &amp;quot;org.openqa.selenium.WebDriver.quit()&amp;quot; because &amp;quot;this.driver&amp;quot; is null">
      <![CDATA[java.lang.NullPointerException: Cannot invoke "org.openqa.selenium.WebDriver.quit()" because "this.driver" is null
at TestNg_Practice.ParallelTesting.Closee(ParallelTesting.java:71)
... Removed 24 stack frames]]>
    </failure>
  </testcase> <!-- @AfterTest Closee -->
  <testcase classname="TestNg_Practice.ParallelTesting" name="mainTest" time="15.429"/>
</testsuite> <!-- TestOnEdge -->
