<?xml version="1.0" encoding="UTF-8"?>
<!-- Generated by org.testng.reporters.JUnitXMLReporter -->
<testsuite ignored="0" hostname="DESKTOP-QJCSHIP" failures="0" tests="3" name="Default test" time="0.088" errors="0" timestamp="2024-03-01T10:47:39 IST">
  <testcase classname="TestNg_Practice.TestNg_Groups1" name="APILoginPersonalLoan" time="0.016"/>
  <testcase classname="TestNg_Practice.TestNg_Groups1" name="MobileLoginPersonalLoan" time="0.002"/>
  <testcase classname="TestNg_Practice.TestNg_Groups1" name="WebLoginPersonalLoan" time="0.002"/>
</testsuite> <!-- Default test -->
