<?xml version="1.0" encoding="UTF-8"?>
<!-- Generated by org.testng.reporters.JUnitXMLReporter -->
<testsuite ignored="1" hostname="DESKTOP-QJCSHIP" failures="3" tests="3" name="Testg" time="0.104" errors="0" timestamp="2024-03-01T10:53:32 IST">
  <testcase classname="TestNg_Practice.TestNgGroupsDemo" name="MobileSelect" time="0.02">
    <failure type="java.lang.NullPointerException" message="Cannot invoke &amp;quot;com.aventstack.extentreports.ExtentReports.createTest(String)&amp;quot; because &amp;quot;this.extent&amp;quot; is null">
      <![CDATA[java.lang.NullPointerException: Cannot invoke "com.aventstack.extentreports.ExtentReports.createTest(String)" because "this.extent" is null
at TestNg_Practice.TestNgGroupsDemo.MobileSelect(TestNgGroupsDemo.java:80)
at java.base/java.util.ArrayList.forEach(ArrayList.java:1511)
... Removed 27 stack frames]]>
    </failure>
  </testcase> <!-- MobileSelect -->
  <testcase classname="TestNg_Practice.TestNgGroupsDemo" name="Mobiles" time="0.004">
    <failure type="java.lang.NullPointerException" message="Cannot invoke &amp;quot;com.aventstack.extentreports.ExtentReports.createTest(String)&amp;quot; because &amp;quot;this.extent&amp;quot; is null">
      <![CDATA[java.lang.NullPointerException: Cannot invoke "com.aventstack.extentreports.ExtentReports.createTest(String)" because "this.extent" is null
at TestNg_Practice.TestNgGroupsDemo.Mobiles(TestNgGroupsDemo.java:58)
at java.base/java.util.ArrayList.forEach(ArrayList.java:1511)
... Removed 27 stack frames]]>
    </failure>
  </testcase> <!-- Mobiles -->
  <testcase classname="TestNg_Practice.TestNgGroupsDemo" name="mainTest" time="0.002">
    <failure type="java.lang.NullPointerException" message="Cannot invoke &amp;quot;com.aventstack.extentreports.ExtentReports.createTest(String)&amp;quot; because &amp;quot;this.extent&amp;quot; is null">
      <![CDATA[java.lang.NullPointerException: Cannot invoke "com.aventstack.extentreports.ExtentReports.createTest(String)" because "this.extent" is null
at TestNg_Practice.TestNgGroupsDemo.mainTest(TestNgGroupsDemo.java:36)
at java.base/java.util.ArrayList.forEach(ArrayList.java:1511)
... Removed 27 stack frames]]>
    </failure>
  </testcase> <!-- mainTest -->
  <testcase classname="TestNg_Practice.TestNgGroupsDemo" name="AddToCart" time="0.0">
    <ignored/>
  </testcase> <!-- AddToCart -->
</testsuite> <!-- Testg -->
